2026-06-23 22:14:30,906 [DATA+] Extended data collector started — interval 300s
2026-06-23 22:14:31,991 [DATA+] BTC/USDT OB: bid=62505.5 ask=62521.9 spread=0.0262% imb=0.042
2026-06-23 22:14:32,111 [DATA+] BTC/USDT FR: latest=0.010000%
2026-06-23 22:14:32,230 [DATA+] BTC/USDT OI: 290597843
2026-06-23 22:14:32,346 [DATA+] ETH/USDT OB: bid=1659.6 ask=1659.7 spread=0.0024% imb=0.296
2026-06-23 22:14:32,469 [DATA+] ETH/USDT FR: latest=0.010000%
2026-06-23 22:14:32,586 [DATA+] ETH/USDT OI: 7750316086
2026-06-23 22:14:32,613 [DATA+] Cycle complete
2026-06-23 22:19:24,259 [DATA+] BTC/USDT OB: bid=62748.2 ask=62759.7 spread=0.0183% imb=0.377
2026-06-23 22:19:24,382 [DATA+] BTC/USDT OI: 290614087
2026-06-23 22:19:24,506 [DATA+] ETH/USDT OB: bid=1667.0 ask=1668.7 spread=0.1008% imb=1.000
2026-06-23 22:19:24,626 [DATA+] ETH/USDT OI: 7750832458
2026-06-23 22:19:24,640 [DATA+] Cycle complete
2026-06-23 22:24:16,231 [DATA+] BTC/USDT OB: bid=62590.8 ask=62600.1 spread=0.0149% imb=0.304
2026-06-23 22:24:16,354 [DATA+] BTC/USDT OI: 290621345
2026-06-23 22:24:16,476 [DATA+] ETH/USDT OB: bid=1661.8 ask=1662.2 spread=0.0265% imb=0.550
2026-06-23 22:24:16,597 [DATA+] ETH/USDT OI: 7750911686
2026-06-23 22:24:16,612 [DATA+] Cycle complete
2026-06-23 22:29:06,880 [DATA+] BTC/USDT OB: bid=62459.6 ask=62459.7 spread=0.0002% imb=0.594
2026-06-23 22:29:07,006 [DATA+] BTC/USDT OI: 290630754
2026-06-23 22:29:07,138 [DATA+] ETH/USDT OB: bid=1659.8 ask=1659.8 spread=0.0006% imb=0.597
2026-06-23 22:29:07,263 [DATA+] ETH/USDT OI: 7751200736
2026-06-23 22:29:07,279 [DATA+] Cycle complete
