==============================================================
  ☿ Mercury (墨丘利) — Aether 交易执行者
  启动: 2026-06-22 20:23:26 UTC
  网络: 测试网
==============================================================

📊 账户快照
----------------------------------------
  余额:     4,995.42 USDT
  可用:     4,995.42 USDT
  未实现盈亏: 🟢 +0.00 USDT

  当前无持仓

🧠 加载策略
----------------------------------------
  已加载 3 个实盘策略: RSI_MR_ETH, DonchianMR_BTC, DonchianMR_ETH

📡 拉取行情数据
----------------------------------------
  标的: BTC/USDT, ETH/USDT
  周期: 1h
  BTC/USDT 1h: 500根K线 | 最新价: 64,445.90
  ETH/USDT 1h: 500根K线 | 最新价: 1,735.08

🎯 信号生成
----------------------------------------
  ⏸️  RSI_MR_ETH | ETH/USDT: HOLD (RSI=47.7, no trigger)
  ⏸️  DonchianMR_BTC | BTC/USDT: HOLD (RSI=51.6, DC=[64369.7,65494.9], no trigger)
  ⏸️  DonchianMR_ETH | ETH/USDT: HOLD (RSI=47.7, DC=[1732.1,1774.9], no trigger)

==============================================================
  📋 Mercury 执行摘要
==============================================================

  账户余额: 4,995.42 USDT
  交易执行: 0 笔 | 跳过: 0 笔

  当前无持仓

📝 写入状态...
  STATE: {"status": "ok", "positions": 0, "trades": 0, "balance": 4995.42, "updated_at": "2026-06-22T20:23:27.620014+00:00"}...
  BULLETIN: Mercury: 监控中 | 持仓0 | 无信号

==============================================================
STATE_WRITTEN:mercury
POSTED
==============================================================
