2026-06-23 21:57:09,236 [DATA] Data pipeline started — ['BTC/USDT', 'ETH/USDT'] ['15m', '1h', '4h', '1d'] every 300s
2026-06-23 21:57:09,236 [DATA] === Historical backfill check ===
2026-06-23 21:57:09,240 [DATA]   BTC/USDT 15m: 35176 bars in DB (>=28032) → OK
2026-06-23 21:57:09,241 [DATA]   BTC/USDT 1h: 8794 bars in DB (>=7008) → OK
2026-06-23 21:57:09,242 [DATA]   BTC/USDT 4h: 2199 bars in DB (>=1752) → OK
2026-06-23 21:57:09,242 [DATA]   BTC/USDT 1d: 366 bars in DB (>=292) → OK
2026-06-23 21:57:09,244 [DATA]   ETH/USDT 15m: 35176 bars in DB (>=28032) → OK
2026-06-23 21:57:09,245 [DATA]   ETH/USDT 1h: 8794 bars in DB (>=7008) → OK
2026-06-23 21:57:09,246 [DATA]   ETH/USDT 4h: 2199 bars in DB (>=1752) → OK
2026-06-23 21:57:09,247 [DATA]   ETH/USDT 1d: 366 bars in DB (>=292) → OK
2026-06-23 21:57:09,247 [DATA] === Historical backfill done ===
2026-06-23 21:57:10,634 [DATA] AUDIT-051 guard: RSI_MR_BTC enabled=True in YAML but verdict=PAPER (athena=PAPER, bt=PAPER) → EXCLUDED
2026-06-23 21:57:10,634 [DATA] Tick: {'BTC/USDT_15m': 300, 'BTC/USDT_1h': 300, 'BTC/USDT_4h': 300, 'BTC/USDT_1d': 300, 'ETH/USDT_15m': 300, 'ETH/USDT_1h': 300, 'ETH/USDT_4h': 300, 'ETH/USDT_1d': 300}
2026-06-23 22:02:03,501 [DATA] Tick: {'BTC/USDT_15m': 300, 'BTC/USDT_1h': 300, 'BTC/USDT_4h': 300, 'BTC/USDT_1d': 300, 'ETH/USDT_15m': 300, 'ETH/USDT_1h': 300, 'ETH/USDT_4h': 300, 'ETH/USDT_1d': 300}
2026-06-23 22:06:56,665 [DATA] Tick: {'BTC/USDT_15m': 300, 'BTC/USDT_1h': 300, 'BTC/USDT_4h': 300, 'BTC/USDT_1d': 300, 'ETH/USDT_15m': 300, 'ETH/USDT_1h': 300, 'ETH/USDT_4h': 300, 'ETH/USDT_1d': 300}
2026-06-23 22:11:48,478 [DATA] Tick: {'BTC/USDT_15m': 300, 'BTC/USDT_1h': 300, 'BTC/USDT_4h': 300, 'BTC/USDT_1d': 300, 'ETH/USDT_15m': 300, 'ETH/USDT_1h': 300, 'ETH/USDT_4h': 300, 'ETH/USDT_1d': 300}
2026-06-23 22:16:41,172 [DATA] Tick: {'BTC/USDT_15m': 300, 'BTC/USDT_1h': 300, 'BTC/USDT_4h': 300, 'BTC/USDT_1d': 300, 'ETH/USDT_15m': 300, 'ETH/USDT_1h': 300, 'ETH/USDT_4h': 300, 'ETH/USDT_1d': 300}
2026-06-23 22:21:33,883 [DATA] Tick: {'BTC/USDT_15m': 300, 'BTC/USDT_1h': 300, 'BTC/USDT_4h': 300, 'BTC/USDT_1d': 300, 'ETH/USDT_15m': 300, 'ETH/USDT_1h': 300, 'ETH/USDT_4h': 300, 'ETH/USDT_1d': 300}
2026-06-23 22:26:25,172 [DATA] Tick: {'BTC/USDT_15m': 300, 'BTC/USDT_1h': 300, 'BTC/USDT_4h': 300, 'BTC/USDT_1d': 300, 'ETH/USDT_15m': 300, 'ETH/USDT_1h': 300, 'ETH/USDT_4h': 300, 'ETH/USDT_1d': 300}
2026-06-23 22:31:17,413 [DATA] AUDIT-051 guard: RSI_MR_BTC enabled=True in YAML but verdict=PAPER (athena=PAPER, bt=PAPER) → EXCLUDED
2026-06-23 22:31:17,414 [DATA] Tick: {'BTC/USDT_15m': 300, 'BTC/USDT_1h': 300, 'BTC/USDT_4h': 300, 'BTC/USDT_1d': 300, 'ETH/USDT_15m': 300, 'ETH/USDT_1h': 300, 'ETH/USDT_4h': 300, 'ETH/USDT_1d': 300}
