2026-06-22 08:53:45,979 [ENGINE] Aether Engine started — interval 300s
2026-06-22 08:53:47,870 [ENGINE] Risk check: 4995.17524388, 1 positions, risk=normal
2026-06-22 08:53:48,125 [ENGINE] Strategy 'DynamicGrid_BTC' is disabled, skipping.
2026-06-22 08:53:48,125 [ENGINE] Strategy 'DynamicGrid_ETH' is disabled, skipping.
2026-06-22 08:53:48,125 [ENGINE] Strategy 'MLAlpha_BTC' is disabled, skipping.
2026-06-22 08:53:48,125 [ENGINE] Strategy 'MA_Cross_BTC' is disabled, skipping.
2026-06-22 08:53:48,125 [ENGINE] Strategy 'MA_Cross_ETH' is disabled, skipping.
2026-06-22 08:53:48,125 [ENGINE] Strategy 'TrendFollow_BTC' is disabled, skipping.
2026-06-22 08:53:48,125 [ENGINE] Strategy 'TrendFollow_ETH' is disabled, skipping.
2026-06-22 08:53:48,125 [ENGINE] Strategy 'TrendFollow_BTC_1h' is disabled, skipping.
2026-06-22 08:53:48,125 [ENGINE] Strategy 'RSI_MR_BTC' is disabled, skipping.
2026-06-22 08:53:48,125 [ENGINE] Strategy 'RSI_MR_ETH' is disabled, skipping.
2026-06-22 08:53:48,125 [ENGINE] Strategy 'MLEnsemble_BTC' is disabled, skipping.
2026-06-22 08:53:48,125 [ENGINE] Strategy 'MLEnsemble_ETH' is disabled, skipping.
2026-06-22 08:53:48,125 [ENGINE] Strategy 'BBandRSI_BTC' is disabled, skipping.
2026-06-22 08:53:48,125 [ENGINE] Strategy 'BBandRSI_ETH' is disabled, skipping.
2026-06-22 08:53:48,127 [ENGINE] Loaded strategy 'RegimeSwitch_BTC' from strategy.examples.regime_switch.RegimeSwitchStrategy (params: {'cooldown_bars': 5, 'high_vol_capital_pct': 0.25, 'leverage': 3, 'mr_overbought': 65, 'mr_oversold': 30, 'mr_rsi_period': 14, 'mr_sl_pct': 0.01, 'mr_tp_pct': 0.05, 'regime_change_cooldown': 3, 'regime_lookback': 100, 'retrain_regime_every': 50, 'symbols': ['BTC/USDT'], 'timeframes': ['1h'], 'trend_ema_period': 60, 'trend_sl_pct': 0.01, 'trend_tp_pct': 0.07, 'trend_window': 50, 'vol_window': 20})
2026-06-22 08:53:48,127 [ENGINE] Strategy 'RegimeSwitch_ETH' is disabled, skipping.
2026-06-22 08:53:48,127 [ENGINE] Loaded 1 strategies from /home/rinnen/binance_quant/config/strategies.yaml
2026-06-22 08:53:48,658 [ENGINE] Signals: 0 generated
2026-06-22 08:53:50,402 [ENGINE] Live exchange: balance=4995.18, positions=1, orders=2
2026-06-22 08:58:42,634 [ENGINE] Risk check: 4995.22639588, 1 positions, risk=normal
2026-06-22 08:58:43,104 [ENGINE] Signals: 0 generated
2026-06-22 08:58:44,906 [ENGINE] Live exchange: balance=4995.23, positions=1, orders=2
2026-06-22 09:03:37,958 [ENGINE] Risk check: 4995.37401804, 1 positions, risk=normal
2026-06-22 09:03:38,441 [ENGINE] Signals: 0 generated
2026-06-22 09:03:40,284 [ENGINE] Live exchange: balance=4995.37, positions=1, orders=2
2026-06-22 09:08:33,038 [ENGINE] Risk check: 4995.30622189, 1 positions, risk=normal
2026-06-22 09:08:33,510 [ENGINE] Signals: 0 generated
2026-06-22 09:08:35,331 [ENGINE] Live exchange: balance=4995.31, positions=1, orders=2
2026-06-22 09:13:27,877 [ENGINE] Risk check: 4995.25548299, 1 positions, risk=normal
2026-06-22 09:13:28,378 [ENGINE] Signals: 0 generated
2026-06-22 09:13:30,289 [ENGINE] Live exchange: balance=4995.25, positions=1, orders=2
2026-06-22 09:18:20,768 [ENGINE] Backtests: 1/16 strategies evaluated with real metrics
2026-06-22 09:18:22,259 [ENGINE] Risk check: 4995.43062299, 1 positions, risk=normal
2026-06-22 09:18:22,731 [ENGINE] Signals: 0 generated
2026-06-22 09:18:24,674 [ENGINE] Live exchange: balance=4995.44, positions=1, orders=2
2026-06-22 09:23:17,374 [ENGINE] Risk check: 4995.53691299, 1 positions, risk=normal
2026-06-22 09:23:17,851 [ENGINE] Signals: 0 generated
2026-06-22 09:23:19,669 [ENGINE] Live exchange: balance=4995.54, positions=1, orders=2
2026-06-22 09:28:11,801 [ENGINE] Risk check: 4995.94069871, 1 positions, risk=normal
2026-06-22 09:28:12,302 [ENGINE] Signals: 0 generated
2026-06-22 09:28:14,117 [ENGINE] Live exchange: balance=4995.94, positions=1, orders=2
2026-06-22 09:33:06,216 [ENGINE] Risk check: 4995.88818299, 1 positions, risk=normal
2026-06-22 09:33:06,705 [ENGINE] Signals: 0 generated
2026-06-22 09:33:08,448 [ENGINE] Live exchange: balance=4995.88, positions=1, orders=2
2026-06-22 09:37:59,734 [ENGINE] Risk check: 4995.74404433, 1 positions, risk=normal
2026-06-22 09:38:00,215 [ENGINE] Signals: 0 generated
2026-06-22 09:38:01,990 [ENGINE] Live exchange: balance=4995.75, positions=1, orders=2
2026-06-22 09:42:53,939 [ENGINE] Risk check: 4995.82410268, 1 positions, risk=normal
2026-06-22 09:42:54,413 [ENGINE] Signals: 0 generated
2026-06-22 09:42:56,180 [ENGINE] Live exchange: balance=4995.82, positions=1, orders=2
2026-06-22 09:47:47,783 [ENGINE] Risk check: 4995.78874688, 1 positions, risk=normal
2026-06-22 09:47:48,304 [ENGINE] Signals: 0 generated
2026-06-22 09:47:50,065 [ENGINE] Live exchange: balance=4995.78, positions=1, orders=2
2026-06-22 09:52:40,174 [ENGINE] Backtests: 1/17 strategies evaluated with real metrics
2026-06-22 09:52:41,768 [ENGINE] Risk check: 4995.88781133, 1 positions, risk=normal
2026-06-22 09:52:42,285 [ENGINE] Signals: 0 generated
2026-06-22 09:52:44,108 [ENGINE] Live exchange: balance=4995.89, positions=1, orders=2
2026-06-22 09:57:34,790 [ENGINE] Risk check: 4995.90262459, 1 positions, risk=normal
2026-06-22 09:57:35,297 [ENGINE] Signals: 0 generated
2026-06-22 09:57:37,119 [ENGINE] Live exchange: balance=4995.90, positions=1, orders=2
2026-06-22 10:02:28,442 [ENGINE] Risk check: 4995.81336731, 1 positions, risk=normal
2026-06-22 10:02:28,930 [ENGINE] Signals: 0 generated
2026-06-22 10:02:30,851 [ENGINE] Live exchange: balance=4995.81, positions=1, orders=2
2026-06-22 10:07:21,958 [ENGINE] Risk check: 4995.85353299, 1 positions, risk=normal
2026-06-22 10:07:22,457 [ENGINE] Signals: 0 generated
2026-06-22 10:07:24,274 [ENGINE] Live exchange: balance=4995.85, positions=1, orders=2
2026-06-22 10:12:20,034 [ENGINE] Risk check: 4995.87214537, 1 positions, risk=normal
2026-06-22 10:12:20,662 [ENGINE] Signals: 0 generated
2026-06-22 10:12:29,814 [ENGINE] Live exchange: balance=4995.87, positions=1, orders=2
2026-06-22 10:17:08,691 [ENGINE] Risk check: 4995.87609747, 1 positions, risk=normal
2026-06-22 10:17:09,176 [ENGINE] Signals: 0 generated
2026-06-22 10:17:11,021 [ENGINE] Live exchange: balance=4995.87, positions=1, orders=2
2026-06-22 10:22:01,983 [ENGINE] Risk check: 4995.82077299, 1 positions, risk=normal
2026-06-22 10:22:02,484 [ENGINE] Signals: 0 generated
2026-06-22 10:22:04,363 [ENGINE] Live exchange: balance=4995.82, positions=1, orders=2
2026-06-22 10:26:53,669 [ENGINE] Backtests: 1/17 strategies evaluated with real metrics
2026-06-22 10:26:55,258 [ENGINE] Risk check: 4995.83989999, 1 positions, risk=normal
2026-06-22 10:26:55,754 [ENGINE] Signals: 0 generated
2026-06-22 10:26:57,589 [ENGINE] Live exchange: balance=4995.84, positions=1, orders=2
2026-06-22 10:28:11,053 [ENGINE] Aether Engine started — interval 300s
2026-06-22 10:28:12,421 [ENGINE] Risk check: 4995.8514494, 1 positions, risk=normal
2026-06-22 10:28:12,681 [ENGINE] Strategy 'DynamicGrid_BTC' is disabled, skipping.
2026-06-22 10:28:12,681 [ENGINE] Strategy 'DynamicGrid_ETH' is disabled, skipping.
2026-06-22 10:28:12,681 [ENGINE] Strategy 'MLAlpha_BTC' is disabled, skipping.
2026-06-22 10:28:12,681 [ENGINE] Strategy 'MA_Cross_BTC' is disabled, skipping.
2026-06-22 10:28:12,681 [ENGINE] Strategy 'MA_Cross_ETH' is disabled, skipping.
2026-06-22 10:28:12,681 [ENGINE] Strategy 'TrendFollow_BTC' is disabled, skipping.
2026-06-22 10:28:12,681 [ENGINE] Strategy 'TrendFollow_ETH' is disabled, skipping.
2026-06-22 10:28:12,681 [ENGINE] Strategy 'TrendFollow_BTC_1h' is disabled, skipping.
2026-06-22 10:28:12,681 [ENGINE] Strategy 'RSI_MR_BTC' is disabled, skipping.
2026-06-22 10:28:12,681 [ENGINE] Strategy 'RSI_MR_ETH' is disabled, skipping.
2026-06-22 10:28:12,681 [ENGINE] Strategy 'MLEnsemble_BTC' is disabled, skipping.
2026-06-22 10:28:12,681 [ENGINE] Strategy 'MLEnsemble_ETH' is disabled, skipping.
2026-06-22 10:28:12,681 [ENGINE] Strategy 'BBandRSI_BTC' is disabled, skipping.
2026-06-22 10:28:12,681 [ENGINE] Strategy 'BBandRSI_ETH' is disabled, skipping.
2026-06-22 10:28:12,690 [ENGINE] Loaded strategy 'RegimeSwitch_BTC' from strategy.examples.regime_switch.RegimeSwitchStrategy (params: {'cooldown_bars': 5, 'high_vol_capital_pct': 0.25, 'leverage': 3, 'mr_overbought': 65, 'mr_oversold': 30, 'mr_rsi_period': 14, 'mr_sl_pct': 0.01, 'mr_tp_pct': 0.05, 'regime_change_cooldown': 3, 'regime_lookback': 100, 'retrain_regime_every': 50, 'symbols': ['BTC/USDT'], 'timeframes': ['1h'], 'trend_ema_period': 60, 'trend_sl_pct': 0.01, 'trend_tp_pct': 0.07, 'trend_window': 50, 'vol_window': 20})
2026-06-22 10:28:12,690 [ENGINE] Strategy 'RegimeSwitch_ETH' is disabled, skipping.
2026-06-22 10:28:12,691 [ENGINE] Strategy 'ADXTrend_BTC' is disabled, skipping.
2026-06-22 10:28:12,691 [ENGINE] Loaded 1 strategies from /home/rinnen/binance_quant/config/strategies.yaml
2026-06-22 10:28:13,233 [ENGINE] Signals: 0 generated
2026-06-22 10:28:15,009 [ENGINE] Live exchange: balance=4995.85, positions=1, orders=2
2026-06-22 10:32:22,457 [ENGINE] Aether Engine started — interval 300s
2026-06-22 10:32:24,341 [ENGINE] Risk check: 4995.85470359, 1 positions, risk=normal
2026-06-22 10:32:24,601 [ENGINE] Strategy 'DynamicGrid_BTC' is disabled, skipping.
2026-06-22 10:32:24,601 [ENGINE] Strategy 'DynamicGrid_ETH' is disabled, skipping.
2026-06-22 10:32:24,601 [ENGINE] Strategy 'MLAlpha_BTC' is disabled, skipping.
2026-06-22 10:32:24,601 [ENGINE] Strategy 'MA_Cross_BTC' is disabled, skipping.
2026-06-22 10:32:24,601 [ENGINE] Strategy 'MA_Cross_ETH' is disabled, skipping.
2026-06-22 10:32:24,601 [ENGINE] Strategy 'TrendFollow_BTC' is disabled, skipping.
2026-06-22 10:32:24,601 [ENGINE] Strategy 'TrendFollow_ETH' is disabled, skipping.
2026-06-22 10:32:24,601 [ENGINE] Strategy 'TrendFollow_BTC_1h' is disabled, skipping.
2026-06-22 10:32:24,601 [ENGINE] Strategy 'RSI_MR_BTC' is disabled, skipping.
2026-06-22 10:32:24,601 [ENGINE] Strategy 'RSI_MR_ETH' is disabled, skipping.
2026-06-22 10:32:24,601 [ENGINE] Strategy 'MLEnsemble_BTC' is disabled, skipping.
2026-06-22 10:32:24,601 [ENGINE] Strategy 'MLEnsemble_ETH' is disabled, skipping.
2026-06-22 10:32:24,601 [ENGINE] Strategy 'BBandRSI_BTC' is disabled, skipping.
2026-06-22 10:32:24,601 [ENGINE] Strategy 'BBandRSI_ETH' is disabled, skipping.
2026-06-22 10:32:24,604 [ENGINE] Loaded strategy 'RegimeSwitch_BTC' from strategy.examples.regime_switch.RegimeSwitchStrategy (params: {'cooldown_bars': 5, 'high_vol_capital_pct': 0.25, 'leverage': 3, 'mr_overbought': 65, 'mr_oversold': 30, 'mr_rsi_period': 14, 'mr_sl_pct': 0.01, 'mr_tp_pct': 0.05, 'regime_change_cooldown': 3, 'regime_lookback': 100, 'retrain_regime_every': 50, 'symbols': ['BTC/USDT'], 'timeframes': ['1h'], 'trend_ema_period': 60, 'trend_sl_pct': 0.01, 'trend_tp_pct': 0.07, 'trend_window': 50, 'vol_window': 20})
2026-06-22 10:32:24,604 [ENGINE] Strategy 'RegimeSwitch_ETH' is disabled, skipping.
2026-06-22 10:32:24,604 [ENGINE] Strategy 'ADXTrend_BTC' is disabled, skipping.
2026-06-22 10:32:24,604 [ENGINE] Loaded 1 strategies from /home/rinnen/binance_quant/config/strategies.yaml
2026-06-22 10:32:24,851 [ENGINE] Signals: 0 generated
2026-06-22 10:32:26,680 [ENGINE] Live exchange: balance=4995.85, positions=1, orders=2
2026-06-22 10:37:16,922 [ENGINE] Risk check: 4995.84306208, 1 positions, risk=normal
2026-06-22 10:37:17,393 [ENGINE] Signals: 0 generated
2026-06-22 10:37:19,200 [ENGINE] Live exchange: balance=4995.84, positions=1, orders=2
2026-06-22 10:42:09,841 [ENGINE] Risk check: 4995.85011299, 1 positions, risk=normal
2026-06-22 10:42:10,329 [ENGINE] Signals: 0 generated
2026-06-22 10:42:12,194 [ENGINE] Live exchange: balance=4995.85, positions=1, orders=1
2026-06-22 10:47:02,594 [ENGINE] Risk check: 4995.76704299, 1 positions, risk=normal
2026-06-22 10:47:03,093 [ENGINE] Signals: 0 generated
2026-06-22 10:47:04,913 [ENGINE] Live exchange: balance=4995.76, positions=1, orders=1
